[debug] [2019-01-22T09:46:08.961Z] ----------------------------------------------------------------------
[debug] [2019-01-22T09:46:08.963Z] Command:       /usr/local/bin/node /usr/local/bin/firebase deploy
[debug] [2019-01-22T09:46:08.963Z] CLI Version:   6.3.0
[debug] [2019-01-22T09:46:08.964Z] Platform:      darwin
[debug] [2019-01-22T09:46:08.964Z] Node Version:  v8.11.1
[debug] [2019-01-22T09:46:08.964Z] Time:          Tue Jan 22 2019 18:46:08 GMT+0900 (KST)
[debug] [2019-01-22T09:46:08.964Z] ----------------------------------------------------------------------
[debug] 
[debug] [2019-01-22T09:46:08.973Z] > command requires scopes: ["email","openid","https://www.googleapis.com/auth/cloudplatformprojects.readonly","https://www.googleapis.com/auth/firebase","https://www.googleapis.com/auth/cloud-platform"]
[debug] [2019-01-22T09:46:08.973Z] > authorizing via signed-in user
[debug] [2019-01-22T09:46:08.973Z] [iam] checking project enjoycebu-d4bca for permissions ["firebase.projects.get","firebasehosting.sites.update"]
[debug] [2019-01-22T09:46:08.975Z] >>> HTTP REQUEST POST https://cloudresourcemanager.googleapis.com/v1/projects/enjoycebu-d4bca:testIamPermissions  

[debug] [2019-01-22T09:46:11.814Z] <<< HTTP RESPONSE 200
[debug] [2019-01-22T09:46:11.816Z] >>> HTTP REQUEST GET https://firebase.googleapis.com/v1beta1/projects/enjoycebu-d4bca  
 
[debug] [2019-01-22T09:46:16.249Z] <<< HTTP RESPONSE 200
[info] 
[info] === Deploying to 'enjoycebu-d4bca'...
[info] 
[info] i  deploying hosting
[debug] [2019-01-22T09:46:16.254Z] >>> HTTP REQUEST POST https://firebasehosting.googleapis.com/v1beta1/sites/enjoycebu-d4bca/versions  

[debug] [2019-01-22T09:46:25.544Z] <<< HTTP RESPONSE 200
[info] i  hosting[enjoycebu-d4bca]: beginning deploy...
[info] i  hosting[enjoycebu-d4bca]: found 32 files in public
[debug] [2019-01-22T09:46:25.565Z] [hosting] hash cache [cHVibGlj] load error: lines is not defined
[debug] [2019-01-22T09:46:25.810Z] [hosting] hash cache [cHVibGlj] stored for 32 files
[debug] [2019-01-22T09:46:25.811Z] [hosting][hash queue][FINAL]
[debug] [2019-01-22T09:46:25.811Z] >>> HTTP REQUEST POST https://firebasehosting.googleapis.com/v1beta1/sites/enjoycebu-d4bca/versions/7789d2f849636103:populateFiles  
 <request body omitted>
[debug] [2019-01-22T09:46:26.985Z] <<< HTTP RESPONSE 200
[debug] [2019-01-22T09:46:27.005Z] [hosting][populate queue][FINAL]
[debug] [2019-01-22T09:46:27.005Z] [hosting] uploads queued: 32
[debug] [2019-01-22T09:46:37.931Z] [uploadQueue] Retrying task 3732a18619bcb8b90c206cf35d34cd8a563b3537747d9f3c498a537bba8659a5
[debug] [2019-01-22T09:46:38.101Z] [uploadQueue] Retrying task 2f81afec1ccb04400ebeb2a1f41d193756e059aa369a26ba7faf3f3d71b2bd9f
[debug] [2019-01-22T09:46:38.781Z] [uploadQueue] Retrying task 05cbc6f94d7a69ce2e29646eab13be2c884e61ba93e3094df5028866876d18b3
[debug] [2019-01-22T09:46:40.548Z] [uploadQueue] Retrying task e8f7cf50cc2761dcb95b415f60fa2da80462c5131524061f7233072c2ab07be0
[debug] [2019-01-22T09:46:59.523Z] [uploadQueue] Retrying task 121b94d1191f59dc70fef7a824065262b3667b83a16581b0a9c8f65788704f78
[debug] [2019-01-22T09:46:59.828Z] [uploadQueue] Retrying task 606dc0b6a15e9f93ed15d2e05b9e2e9ab342a3236b7cdb4b094ef6123f9ad415
[debug] [2019-01-22T09:47:00.144Z] [uploadQueue] Retrying task 170f436120bd4fad70e8e33b280b0b49c4d7042208b6c8fd46a8f86be27be57d
[debug] [2019-01-22T09:47:00.697Z] [uploadQueue] Retrying task 32e332d23d0b98183505a5540cb039048741de76d646a987e5c22d30717160d5
[debug] [2019-01-22T09:47:01.494Z] [uploadQueue] Retrying task d9729d0e05fc4186907e947e012277d2a30b5f78b7f407e893deb58f04d2babf
[debug] [2019-01-22T09:47:01.502Z] [uploadQueue] Retrying task ec314089f54244edaabd8b457165e1fd8be9d92f5d98595b8d1a34cb941a0489
[debug] [2019-01-22T09:47:01.860Z] [uploadQueue] Retrying task c29ba52c631efb4a6064f06472c47c2c7d82780293d399ffbe761c957d58ed8f
[debug] [2019-01-22T09:47:02.112Z] [uploadQueue] Retrying task ec2d66102478c56cfef5078ad378da9b306ae5b7bb79333e31126478b3b819c0
[debug] [2019-01-22T09:47:02.697Z] [uploadQueue] Retrying task e9bb353779f62d455a12fdd75fb3d08ca0a06f06d4348a354e2acb6d0eb36285
[debug] [2019-01-22T09:47:03.508Z] [uploadQueue] Retrying task cd54bcf5e270498250200cf460687d4439ec89b897f5d784d522807d62fcbe87
[debug] [2019-01-22T09:47:03.790Z] [uploadQueue] Retrying task 376c13c86daec51acda4f9cf460bce7b9f24cabca6382fc5957fc0afdc829409
[debug] [2019-01-22T09:47:04.224Z] [uploadQueue] Retrying task 79cec09f1d5242cbcbdccd2e66b6602a05c7e00982474cb3f151a7a41a3077fa
[debug] [2019-01-22T09:47:05.525Z] [uploadQueue] Retrying task 19bb4d483c7555faa9bb77e48ad7635088a1566ae7f8dc0b3ab512f74292bc9a
[debug] [2019-01-22T09:47:06.545Z] [uploadQueue] Retrying task 7d5ac9b01c7a4bf69109dba1743d9d64dbbdc71aa97b23d8ee9ec6ff00369dd6
[debug] [2019-01-22T09:47:07.301Z] [uploadQueue] Retrying task 04325b82911212d99f987fb409c21c1e497f768ef92dd27aec813571755014a2
[debug] [2019-01-22T09:47:09.354Z] [uploadQueue] Retrying task 2f81afec1ccb04400ebeb2a1f41d193756e059aa369a26ba7faf3f3d71b2bd9f
[debug] [2019-01-22T09:47:09.674Z] [uploadQueue] Retrying task b7e2c44efcde4e4e9d64275f67ae11e50d2005d4c1d1acd3c4fdf654edf9bccb
[debug] [2019-01-22T09:47:12.461Z] [uploadQueue] Retrying task ec314089f54244edaabd8b457165e1fd8be9d92f5d98595b8d1a34cb941a0489
[debug] [2019-01-22T09:47:14.979Z] [uploadQueue] Retrying task cd54bcf5e270498250200cf460687d4439ec89b897f5d784d522807d62fcbe87
[debug] [2019-01-22T09:47:19.283Z] [uploadQueue] Retrying task e8f7cf50cc2761dcb95b415f60fa2da80462c5131524061f7233072c2ab07be0
[debug] [2019-01-22T09:47:26.729Z] [uploadQueue] Retrying task cd54bcf5e270498250200cf460687d4439ec89b897f5d784d522807d62fcbe87
[debug] [2019-01-22T09:47:29.296Z] [uploadQueue] Retrying task 81e330e291935850dad68b5e621bb65a896591f20c35b0f0a548d55da11dc30a
[debug] [2019-01-22T09:47:30.467Z] [uploadQueue] Retrying task 121b94d1191f59dc70fef7a824065262b3667b83a16581b0a9c8f65788704f78
[debug] [2019-01-22T09:47:30.828Z] [uploadQueue] Retrying task 606dc0b6a15e9f93ed15d2e05b9e2e9ab342a3236b7cdb4b094ef6123f9ad415
[debug] [2019-01-22T09:47:31.127Z] [uploadQueue] Retrying task 170f436120bd4fad70e8e33b280b0b49c4d7042208b6c8fd46a8f86be27be57d
[debug] [2019-01-22T09:47:31.658Z] [uploadQueue] Retrying task 32e332d23d0b98183505a5540cb039048741de76d646a987e5c22d30717160d5
[debug] [2019-01-22T09:47:32.451Z] [uploadQueue] Retrying task d9729d0e05fc4186907e947e012277d2a30b5f78b7f407e893deb58f04d2babf
[debug] [2019-01-22T09:47:32.813Z] [uploadQueue] Retrying task c29ba52c631efb4a6064f06472c47c2c7d82780293d399ffbe761c957d58ed8f
[debug] [2019-01-22T09:47:33.076Z] [uploadQueue] Retrying task ec2d66102478c56cfef5078ad378da9b306ae5b7bb79333e31126478b3b819c0
[debug] [2019-01-22T09:47:33.662Z] [uploadQueue] Retrying task e9bb353779f62d455a12fdd75fb3d08ca0a06f06d4348a354e2acb6d0eb36285
[debug] [2019-01-22T09:47:34.880Z] [uploadQueue] Retrying task 376c13c86daec51acda4f9cf460bce7b9f24cabca6382fc5957fc0afdc829409
[debug] [2019-01-22T09:47:35.271Z] [uploadQueue] Retrying task 79cec09f1d5242cbcbdccd2e66b6602a05c7e00982474cb3f151a7a41a3077fa
[debug] [2019-01-22T09:47:36.518Z] [uploadQueue] Retrying task 19bb4d483c7555faa9bb77e48ad7635088a1566ae7f8dc0b3ab512f74292bc9a
[debug] [2019-01-22T09:47:37.541Z] [uploadQueue] Retrying task 7d5ac9b01c7a4bf69109dba1743d9d64dbbdc71aa97b23d8ee9ec6ff00369dd6
[debug] [2019-01-22T09:47:38.247Z] [uploadQueue] Retrying task 04325b82911212d99f987fb409c21c1e497f768ef92dd27aec813571755014a2
[debug] [2019-01-22T09:47:41.132Z] [uploadQueue] Retrying task 2f81afec1ccb04400ebeb2a1f41d193756e059aa369a26ba7faf3f3d71b2bd9f
[debug] [2019-01-22T09:47:42.449Z] [uploadQueue] Retrying task 121b94d1191f59dc70fef7a824065262b3667b83a16581b0a9c8f65788704f78
[debug] [2019-01-22T09:47:44.221Z] [uploadQueue] Retrying task ec314089f54244edaabd8b457165e1fd8be9d92f5d98595b8d1a34cb941a0489
[debug] [2019-01-22T09:47:44.337Z] [uploadQueue] Retrying task d856e7333018bde2ae818bf6420a648bc0b8fb7426c0ac3430ad53fc00213ff4
[debug] [2019-01-22T09:47:47.240Z] [uploadQueue] Retrying task b7e2c44efcde4e4e9d64275f67ae11e50d2005d4c1d1acd3c4fdf654edf9bccb
[debug] [2019-01-22T09:47:51.053Z] [uploadQueue] Retrying task e8f7cf50cc2761dcb95b415f60fa2da80462c5131524061f7233072c2ab07be0
[debug] [2019-01-22T09:48:00.079Z] [uploadQueue] Retrying task cd54bcf5e270498250200cf460687d4439ec89b897f5d784d522807d62fcbe87
[debug] [2019-01-22T09:48:00.627Z] [uploadQueue] Retrying task c932fdae3f5bd0187c2da21e19799df58f2b7dad1494000d0617da7713d6060d
[debug] [2019-01-22T09:48:02.642Z] [uploadQueue] Retrying task 606dc0b6a15e9f93ed15d2e05b9e2e9ab342a3236b7cdb4b094ef6123f9ad415
[debug] [2019-01-22T09:48:02.949Z] [uploadQueue] Retrying task 170f436120bd4fad70e8e33b280b0b49c4d7042208b6c8fd46a8f86be27be57d
[debug] [2019-01-22T09:48:03.481Z] [uploadQueue] Retrying task 32e332d23d0b98183505a5540cb039048741de76d646a987e5c22d30717160d5
[debug] [2019-01-22T09:48:04.262Z] [uploadQueue] Retrying task d9729d0e05fc4186907e947e012277d2a30b5f78b7f407e893deb58f04d2babf
[debug] [2019-01-22T09:48:04.415Z] [uploadQueue] Retrying task 81e330e291935850dad68b5e621bb65a896591f20c35b0f0a548d55da11dc30a
[debug] [2019-01-22T09:48:04.587Z] [uploadQueue] Retrying task c29ba52c631efb4a6064f06472c47c2c7d82780293d399ffbe761c957d58ed8f
[debug] [2019-01-22T09:48:05.437Z] [uploadQueue] Retrying task e9bb353779f62d455a12fdd75fb3d08ca0a06f06d4348a354e2acb6d0eb36285
[debug] [2019-01-22T09:48:06.662Z] [uploadQueue] Retrying task 376c13c86daec51acda4f9cf460bce7b9f24cabca6382fc5957fc0afdc829409
[debug] [2019-01-22T09:48:07.062Z] [uploadQueue] Retrying task 79cec09f1d5242cbcbdccd2e66b6602a05c7e00982474cb3f151a7a41a3077fa
[debug] [2019-01-22T09:48:09.287Z] [uploadQueue] Retrying task 7d5ac9b01c7a4bf69109dba1743d9d64dbbdc71aa97b23d8ee9ec6ff00369dd6
[debug] [2019-01-22T09:48:10.019Z] [uploadQueue] Retrying task 04325b82911212d99f987fb409c21c1e497f768ef92dd27aec813571755014a2
[debug] [2019-01-22T09:48:14.846Z] [uploadQueue] Retrying task 2f81afec1ccb04400ebeb2a1f41d193756e059aa369a26ba7faf3f3d71b2bd9f
[debug] [2019-01-22T09:48:15.901Z] [uploadQueue] Retrying task 121b94d1191f59dc70fef7a824065262b3667b83a16581b0a9c8f65788704f78
[debug] [2019-01-22T09:48:17.586Z] [uploadQueue] Retrying task ec314089f54244edaabd8b457165e1fd8be9d92f5d98595b8d1a34cb941a0489
[debug] [2019-01-22T09:48:18.352Z] [uploadQueue] Retrying task d856e7333018bde2ae818bf6420a648bc0b8fb7426c0ac3430ad53fc00213ff4
[debug] [2019-01-22T09:48:20.039Z] [uploadQueue] Retrying task 376c13c86daec51acda4f9cf460bce7b9f24cabca6382fc5957fc0afdc829409
[debug] [2019-01-22T09:48:24.440Z] [uploadQueue] Retrying task e8f7cf50cc2761dcb95b415f60fa2da80462c5131524061f7233072c2ab07be0
[debug] [2019-01-22T09:48:32.908Z] [uploadQueue] Retrying task c932fdae3f5bd0187c2da21e19799df58f2b7dad1494000d0617da7713d6060d
[debug] [2019-01-22T09:48:36.006Z] [uploadQueue] Retrying task 606dc0b6a15e9f93ed15d2e05b9e2e9ab342a3236b7cdb4b094ef6123f9ad415
[debug] [2019-01-22T09:48:36.355Z] [uploadQueue] Retrying task 170f436120bd4fad70e8e33b280b0b49c4d7042208b6c8fd46a8f86be27be57d
[debug] [2019-01-22T09:48:36.651Z] [uploadQueue] Retrying task cd54bcf5e270498250200cf460687d4439ec89b897f5d784d522807d62fcbe87
[debug] [2019-01-22T09:48:36.860Z] [uploadQueue] Retrying task 32e332d23d0b98183505a5540cb039048741de76d646a987e5c22d30717160d5
[debug] [2019-01-22T09:48:37.680Z] [uploadQueue] Retrying task d9729d0e05fc4186907e947e012277d2a30b5f78b7f407e893deb58f04d2babf
[debug] [2019-01-22T09:48:37.986Z] [uploadQueue] Retrying task c29ba52c631efb4a6064f06472c47c2c7d82780293d399ffbe761c957d58ed8f
[debug] [2019-01-22T09:48:38.845Z] [uploadQueue] Retrying task e9bb353779f62d455a12fdd75fb3d08ca0a06f06d4348a354e2acb6d0eb36285
[debug] [2019-01-22T09:48:40.516Z] [uploadQueue] Retrying task 79cec09f1d5242cbcbdccd2e66b6602a05c7e00982474cb3f151a7a41a3077fa
[debug] [2019-01-22T09:48:42.674Z] [uploadQueue] Retrying task 7d5ac9b01c7a4bf69109dba1743d9d64dbbdc71aa97b23d8ee9ec6ff00369dd6
[debug] [2019-01-22T09:48:43.395Z] [uploadQueue] Retrying task 04325b82911212d99f987fb409c21c1e497f768ef92dd27aec813571755014a2
[debug] [2019-01-22T09:48:51.384Z] [uploadQueue] Retrying task d856e7333018bde2ae818bf6420a648bc0b8fb7426c0ac3430ad53fc00213ff4
[debug] [2019-01-22T09:48:51.429Z] [uploadQueue] Retrying task 2f81afec1ccb04400ebeb2a1f41d193756e059aa369a26ba7faf3f3d71b2bd9f
[debug] [2019-01-22T09:48:52.479Z] [uploadQueue] Retrying task 121b94d1191f59dc70fef7a824065262b3667b83a16581b0a9c8f65788704f78
[debug] [2019-01-22T09:48:54.155Z] [uploadQueue] Retrying task ec314089f54244edaabd8b457165e1fd8be9d92f5d98595b8d1a34cb941a0489
[debug] [2019-01-22T09:48:54.224Z] [uploadQueue] Retrying task d9729d0e05fc4186907e947e012277d2a30b5f78b7f407e893deb58f04d2babf
[debug] [2019-01-22T09:48:54.592Z] [uploadQueue] Retrying task c29ba52c631efb4a6064f06472c47c2c7d82780293d399ffbe761c957d58ed8f
[debug] [2019-01-22T09:48:56.614Z] [uploadQueue] Retrying task 376c13c86daec51acda4f9cf460bce7b9f24cabca6382fc5957fc0afdc829409
[debug] [2019-01-22T09:49:01.019Z] [uploadQueue] Retrying task e8f7cf50cc2761dcb95b415f60fa2da80462c5131524061f7233072c2ab07be0
[debug] [2019-01-22T09:49:01.608Z] [uploadQueue] Retries exhausted for task 2f81afec1ccb04400ebeb2a1f41d193756e059aa369a26ba7faf3f3d71b2bd9f:
[debug] [2019-01-22T09:49:01.609Z] [hosting][upload queue][FINAL]
[debug] [2019-01-22T09:49:02.755Z] [uploadQueue] Retrying task 9f3ba8adb6283f73ad738fb91f16c39155b69fb2c0a822cde8fe5be325bde9f1
[debug] [2019-01-22T09:49:06.064Z] [uploadQueue] Retrying task 81e330e291935850dad68b5e621bb65a896591f20c35b0f0a548d55da11dc30a
[debug] [2019-01-22T09:49:06.824Z] [uploadQueue] Retries exhausted for task cd54bcf5e270498250200cf460687d4439ec89b897f5d784d522807d62fcbe87:
[debug] [2019-01-22T09:49:07.057Z] Error: socket hang up
    at createHangUpError (_http_client.js:331:15)
    at TLSSocket.socketOnEnd (_http_client.js:423:23)
    at emitNone (events.js:111:20)
    at TLSSocket.emit (events.js:208:7)
    at endReadableNT (_stream_readable.js:1064:12)
    at _combinedTickCallback (internal/process/next_tick.js:138:11)
    at process._tickDomainCallback (internal/process/next_tick.js:218:9)
[error] 
[error] Error: An unexpected error has occurred.
[debug] [2019-01-22T09:50:43.197Z] ----------------------------------------------------------------------
[debug] [2019-01-22T09:50:43.200Z] Command:       /usr/local/bin/node /usr/local/bin/firebase deploy
[debug] [2019-01-22T09:50:43.200Z] CLI Version:   6.3.0
[debug] [2019-01-22T09:50:43.200Z] Platform:      darwin
[debug] [2019-01-22T09:50:43.200Z] Node Version:  v8.11.1
[debug] [2019-01-22T09:50:43.201Z] Time:          Tue Jan 22 2019 18:50:43 GMT+0900 (KST)
[debug] [2019-01-22T09:50:43.201Z] ----------------------------------------------------------------------
[debug] 
[debug] [2019-01-22T09:50:43.214Z] > command requires scopes: ["email","openid","https://www.googleapis.com/auth/cloudplatformprojects.readonly","https://www.googleapis.com/auth/firebase","https://www.googleapis.com/auth/cloud-platform"]
[debug] [2019-01-22T09:50:43.215Z] > authorizing via signed-in user
[debug] [2019-01-22T09:50:43.215Z] [iam] checking project enjoycebu-d4bca for permissions ["firebase.projects.get","firebasehosting.sites.update"]
[debug] [2019-01-22T09:50:43.217Z] >>> HTTP REQUEST POST https://cloudresourcemanager.googleapis.com/v1/projects/enjoycebu-d4bca:testIamPermissions  

[debug] [2019-01-22T09:50:44.869Z] <<< HTTP RESPONSE 200
[debug] [2019-01-22T09:50:44.871Z] >>> HTTP REQUEST GET https://firebase.googleapis.com/v1beta1/projects/enjoycebu-d4bca  
 
[debug] [2019-01-22T09:50:49.090Z] <<< HTTP RESPONSE 200
[info] 
[info] === Deploying to 'enjoycebu-d4bca'...
[info] 
[info] i  deploying hosting
[debug] [2019-01-22T09:50:49.095Z] >>> HTTP REQUEST POST https://firebasehosting.googleapis.com/v1beta1/sites/enjoycebu-d4bca/versions  

[debug] [2019-01-22T09:50:52.046Z] <<< HTTP RESPONSE 200
[info] i  hosting[enjoycebu-d4bca]: beginning deploy...
[info] i  hosting[enjoycebu-d4bca]: found 32 files in public
[debug] [2019-01-22T09:50:52.066Z] [hosting] hash cache [cHVibGlj] load error: lines is not defined
[debug] [2019-01-22T09:50:52.328Z] [hosting] hash cache [cHVibGlj] stored for 32 files
[debug] [2019-01-22T09:50:52.328Z] [hosting][hash queue][FINAL]
[debug] [2019-01-22T09:50:52.329Z] >>> HTTP REQUEST POST https://firebasehosting.googleapis.com/v1beta1/sites/enjoycebu-d4bca/versions/28b243b27ce84fdc:populateFiles  
 <request body omitted>
[debug] [2019-01-22T09:50:54.718Z] <<< HTTP RESPONSE 200
[debug] [2019-01-22T09:50:54.723Z] [hosting][populate queue][FINAL]
[debug] [2019-01-22T09:50:54.723Z] [hosting] uploads queued: 6
[debug] [2019-01-22T09:51:27.792Z] [uploadQueue] Retrying task cd54bcf5e270498250200cf460687d4439ec89b897f5d784d522807d62fcbe87
[debug] [2019-01-22T09:51:36.572Z] [uploadQueue] Retrying task b7e2c44efcde4e4e9d64275f67ae11e50d2005d4c1d1acd3c4fdf654edf9bccb
